<?xml version="1.0" encoding="UTF-8"?>
<!-- Generated by org.testng.reporters.JUnitReportReporter -->
<testsuite hostname="DESKTOP-GV9UEPS" name="com.iNetBanking.TestCases.Login_tc" tests="2" failures="0" timestamp="27 Jun 2022 09:57:44 GMT" time="19.471" errors="0">
  <testcase name="n" time="3.992" classname="com.iNetBanking.TestCases.Login_tc"/>
  <testcase name="m" time="15.479" classname="com.iNetBanking.TestCases.Login_tc"/>
</testsuite> <!-- com.iNetBanking.TestCases.Login_tc -->
