<?xml version="1.0" encoding="UTF-8"?>
<!-- Generated by org.testng.reporters.JUnitReportReporter -->
<testsuite hostname="DESKTOP-GV9UEPS" name="com.iNetBanking.TestCases.TC_loginPage_001" tests="1" failures="0" timestamp="27 Jun 2022 15:46:59 GMT" time="8.935" errors="0">
  <testcase name="login" time="8.935" classname="com.iNetBanking.TestCases.TC_loginPage_001"/>
</testsuite> <!-- com.iNetBanking.TestCases.TC_loginPage_001 -->
